2025-06-19 11:16:42,452 - INFO - Starting new game
2025-06-19 11:16:42,453 - INFO - Greyman Cecil is present in the Residential Corridor.
2025-06-19 11:16:42,453 - INFO - Added interaction state 'cecil_talk' with parent 'main' and interactions: ['who is this man and why is covered in grey dust', 'say "you alright cecil"', 'leave']
2025-06-19 11:16:42,453 - INFO - Added interaction state 'cecil_info' with parent 'cecil_talk' and interactions: ['go back']
2025-06-19 11:16:42,453 - INFO - Added interaction state 'cecil_alright' with parent 'cecil_talk' and interactions: ['are you sure you alright?', 'go back']
2025-06-19 11:16:42,453 - INFO - Added interaction state 'cecil_quest_prompt' with parent 'cecil_alright' and interactions: ['go back']
2025-06-19 11:16:42,453 - INFO - Added interaction state 'bulletin_board' with parent 'main' and interactions: ['read notice about quota increase', 'read warning about oxygen generators', 'read recent job listings', 'read an advert for a vendor at the market', 'step away from bulletin board']
2025-06-19 11:16:42,453 - INFO - Added interaction state 'ephsus_initial' with parent 'main' and interactions: ['ask about thebian ground soil', "ask why looks like she's contemplating", 'go back to plaza']
2025-06-19 11:16:42,453 - INFO - Added interaction state 'ephsus_quest_prompt' with parent 'ephsus_initial' and interactions: ['offer thebian ground soil', 'go back']
2025-06-19 11:16:42,453 - INFO - Added interaction state 'ephsus_matterstone' with parent 'ephsus_initial' and interactions: ['go back']
2025-06-19 11:16:42,454 - INFO - Added interaction state 'ephsus_contemplating' with parent 'ephsus_initial' and interactions: ['go back']
2025-06-19 11:16:42,454 - INFO - Added interaction state 'tower_gaze' with parent 'main' and interactions: ['go back']
2025-06-19 11:16:42,454 - INFO - Added interaction state 'market_stall' with parent 'main' and interactions: ['go back']
2025-06-19 11:16:42,454 - INFO - Added interaction state 'blackest_market' with parent 'main' and interactions: ['go back']
2025-06-19 11:16:42,454 - INFO - Added interaction state 'blackest_market_sign' with parent 'main' and interactions: ['go back']
2025-06-19 11:16:42,454 - INFO - Added interaction state 'hinter_prophecies' with parent 'main' and interactions: ['what should I pay my attention to? (50 Minshin)', 'leave']
2025-06-19 11:16:42,454 - INFO - Added interaction state 'read_plaque' with parent 'main' and interactions: ['go back']
2025-06-19 11:16:42,454 - INFO - Added interaction state 'donating' with parent 'main' and interactions: []
2025-06-19 11:16:42,454 - INFO - Added interaction state 'foreman_long_initial' with parent 'main' and interactions: ['ask about his job', "ask why he's here", 'leave']
2025-06-19 11:16:42,454 - INFO - Added interaction state 'foreman_long_job' with parent 'foreman_long_initial' and interactions: ['go back']
2025-06-19 11:16:42,455 - INFO - Added interaction state 'foreman_long_reason' with parent 'foreman_long_initial' and interactions: ['go back']
2025-06-19 11:16:42,455 - INFO - Added interaction state 'creedal_talk' with parent 'main' and interactions: ['ask about the industrial sector', 'ask why creedal is drooling', 'go back']
2025-06-19 11:16:42,455 - INFO - Added interaction state 'creedal_quest_prompt' with parent 'creedal_talk' and interactions: ['stay strong creed', 'go back']
2025-06-19 11:16:42,455 - INFO - Added interaction state 'weatherbee_talk' with parent 'main' and interactions: ['ask about the residential sector', 'go back']
2025-06-19 11:16:42,455 - INFO - Added interaction state 'weatherbee_spirits_prompt' with parent 'weatherbee_talk' and interactions: ['give weatherbee a high five', 'go back']
2025-06-19 11:16:42,455 - INFO - Added interaction state 'refinery_prompt' with parent 'main' and interactions: ['insert ID card', 'go back']
2025-06-19 11:16:42,455 - INFO - Added interaction state 'deposit_prompt' with parent 'main' and interactions: ['insert ID card', 'go back']
2025-06-19 11:16:42,455 - INFO - Added interaction state 'approaching_terminal' with parent 'main' and interactions: ['insert ID card', 'go back']
